{"level":"info","message":{"duration":"44ms","method":"GET","params":{},"path":"/health","query":{},"status":200},"timestamp":"2025-10-23T16:15:02.088Z"}
{"level":"info","message":{"duration":"6ms","method":"GET","path":"/favicon.ico","query":{},"status":404},"timestamp":"2025-10-23T16:15:02.183Z"}
{"level":"info","message":{"duration":"2ms","method":"GET","path":"/health/detailed","query":{},"status":404},"timestamp":"2025-10-23T16:16:34.286Z"}
{"level":"info","message":{"duration":"3ms","method":"GET","path":"/health/detailed","query":{},"status":404},"timestamp":"2025-10-23T16:18:34.362Z"}
{"level":"info","message":{"duration":"5ms","method":"GET","path":"/health/detailed","query":{},"status":404},"timestamp":"2025-10-23T16:19:03.044Z"}
{"level":"info","message":{"duration":"2ms","method":"GET","path":"/health/detailed","query":{},"status":404},"timestamp":"2025-10-23T16:19:03.962Z"}
{"level":"info","message":{"duration":"67ms","method":"GET","params":{},"path":"/health","query":{},"status":200},"timestamp":"2025-10-23T16:21:18.129Z"}
{"level":"info","message":{"duration":"5ms","method":"GET","path":"/favicon.ico","query":{},"status":404},"timestamp":"2025-10-23T16:21:18.295Z"}
{"level":"info","message":{"duration":"8ms","method":"GET","path":"/health/detailed","query":{},"status":404},"timestamp":"2025-10-23T16:23:42.438Z"}
{"level":"info","message":{"duration":"29ms","method":"GET","params":{},"path":"/health","query":{},"status":200},"timestamp":"2025-10-23T16:29:02.842Z"}
{"level":"info","message":{"duration":"6ms","method":"GET","params":{},"path":"/health/detailed","query":{},"status":200},"timestamp":"2025-10-23T16:29:15.166Z"}
{"level":"info","message":{"duration":"69ms","method":"GET","params":{},"path":"/api/cars","query":{},"status":200},"timestamp":"2025-10-23T18:10:41.401Z"}
{"level":"info","message":{"body":{"brand":"Maruti Suzuki","model":"Swift Dzire","pricePerDay":"1200","registrationNo":"MH12AB1234","status":"available"},"duration":"127ms","method":"POST","params":{},"path":"/api/cars","query":{},"status":201},"timestamp":"2025-10-24T15:19:49.826Z"}
{"level":"info","message":{"duration":"108ms","method":"GET","params":{},"path":"/api/cars","query":{},"status":200},"timestamp":"2025-10-24T15:19:49.960Z"}
{"level":"info","message":{"duration":"174ms","method":"GET","params":{},"path":"/api/dashboard/stats","query":{},"status":200},"timestamp":"2025-10-24T15:19:50.046Z"}
{"level":"info","message":{"duration":"303ms","method":"GET","params":{},"path":"/api/cars","query":{},"status":200},"timestamp":"2025-10-24T16:20:20.676Z"}
{"level":"info","message":{"duration":"267ms","method":"GET","params":{},"path":"/api/bookings","query":{},"status":200},"timestamp":"2025-10-25T03:51:19.624Z"}
{"level":"info","message":{"duration":"388ms","method":"GET","params":{},"path":"/api/cars","query":{},"status":304},"timestamp":"2025-10-30T07:20:19.385Z"}
{"level":"info","message":{"duration":"848ms","method":"GET","params":{},"path":"/api/dashboard/stats","query":{},"status":304},"timestamp":"2025-10-30T07:20:19.640Z"}
{"level":"info","message":{"duration":"575ms","method":"GET","params":{},"path":"/api/bookings","query":{},"status":304},"timestamp":"2025-10-30T07:20:19.643Z"}
{"level":"info","message":{"body":{"car":"68fb99152c312c123ef0b24f","customerName":"Jovanna","rentFrom":"2025-10-30","rentTo":"2025-10-31","status":"active"},"duration":"120ms","method":"POST","params":{},"path":"/api/bookings","query":{},"status":201},"timestamp":"2025-10-30T07:20:34.432Z"}
{"level":"info","message":{"duration":"170ms","method":"GET","params":{},"path":"/api/bookings","query":{},"status":200},"timestamp":"2025-10-30T07:20:34.654Z"}
{"level":"info","message":{"duration":"50ms","method":"GET","params":{},"path":"/api/dashboard/stats","query":{},"status":200},"timestamp":"2025-10-30T07:20:34.676Z"}
{"level":"info","message":{"duration":"156ms","method":"GET","params":{},"path":"/api/cars","query":{},"status":200},"timestamp":"2025-10-30T08:42:19.856Z"}
{"level":"info","message":{"duration":"197ms","method":"GET","params":{},"path":"/api/bookings","query":{},"status":304},"timestamp":"2025-10-30T08:42:19.903Z"}
{"level":"info","message":{"duration":"329ms","method":"GET","params":{},"path":"/api/dashboard/stats","query":{},"status":304},"timestamp":"2025-10-30T08:42:19.927Z"}
{"level":"info","message":{"duration":"75ms","method":"GET","params":{},"path":"/api/cars","query":{},"status":200},"timestamp":"2025-10-30T13:15:00.262Z"}
{"level":"info","message":{"duration":"129ms","method":"GET","params":{},"path":"/api/dashboard/stats","query":{},"status":200},"timestamp":"2025-10-30T13:15:00.297Z"}
{"level":"info","message":{"duration":"149ms","method":"GET","params":{},"path":"/api/bookings","query":{},"status":200},"timestamp":"2025-10-30T13:15:00.345Z"}
{"level":"info","message":{"duration":"12ms","method":"GET","params":{},"path":"/api/cars","query":{},"status":304},"timestamp":"2025-10-30T13:23:50.104Z"}
{"level":"info","message":{"duration":"24ms","method":"GET","params":{},"path":"/api/bookings","query":{},"status":304},"timestamp":"2025-10-30T13:23:50.111Z"}
{"level":"info","message":{"duration":"40ms","method":"GET","params":{},"path":"/api/dashboard/stats","query":{},"status":304},"timestamp":"2025-10-30T13:23:50.120Z"}
{"level":"info","message":{"duration":"17ms","method":"GET","params":{},"path":"/api/cars","query":{},"status":304},"timestamp":"2025-10-30T13:33:50.382Z"}
{"level":"info","message":{"duration":"32ms","method":"GET","params":{},"path":"/api/bookings","query":{},"status":304},"timestamp":"2025-10-30T13:33:50.393Z"}
{"level":"info","message":{"duration":"52ms","method":"GET","params":{},"path":"/api/dashboard/stats","query":{},"status":304},"timestamp":"2025-10-30T13:33:50.404Z"}
{"level":"info","message":{"body":{"password":"blessy","username":"jovanna"},"duration":"7ms","method":"POST","path":"/api/auth/login","query":{},"status":404},"timestamp":"2025-10-30T13:53:39.475Z"}
{"level":"info","message":{"body":{"password":"blessy","username":"jovanna"},"duration":"3ms","method":"POST","path":"/api/auth/login","query":{},"status":404},"timestamp":"2025-10-30T13:53:41.230Z"}
{"level":"info","message":{"body":{"password":"blesslyn","username":"jovanna"},"duration":"32ms","method":"POST","params":{},"path":"/api/auth/login","query":{},"status":401},"timestamp":"2025-10-30T14:04:05.946Z"}
{"level":"info","message":{"body":{"password":"blessy"},"duration":"4ms","method":"PUT","params":{},"path":"/api/auth/settings","query":{},"status":401},"timestamp":"2025-10-30T14:04:44.326Z"}
{"level":"info","message":{"body":{"brand":"Maruti Suzuki","model":"Swift Dzire","pricePerDay":"1200","registrationNo":"MH12AB1234","status":"available"},"duration":"3ms","method":"POST","params":{},"path":"/api/cars","query":{},"status":401},"timestamp":"2025-10-30T14:06:47.443Z"}
{"level":"info","message":{"duration":"5ms","method":"GET","params":{},"path":"/api/cars","query":{},"status":401},"timestamp":"2025-10-30T14:06:47.456Z"}
{"level":"info","message":{"duration":"4ms","method":"GET","params":{},"path":"/api/dashboard/stats","query":{},"status":401},"timestamp":"2025-10-30T14:06:47.469Z"}
{"level":"info","message":{"body":{"brand":"Maruti Suzuki","model":"Swift Dzire","pricePerDay":"1200","registrationNo":"MH12AB1234","status":"available"},"duration":"4ms","method":"POST","params":{},"path":"/api/cars","query":{},"status":401},"timestamp":"2025-10-30T14:06:54.826Z"}
{"level":"info","message":{"duration":"3ms","method":"GET","params":{},"path":"/api/cars","query":{},"status":401},"timestamp":"2025-10-30T14:06:54.833Z"}
{"level":"info","message":{"duration":"4ms","method":"GET","params":{},"path":"/api/dashboard/stats","query":{},"status":401},"timestamp":"2025-10-30T14:06:54.846Z"}
{"level":"info","message":{"body":{"password":"blessy","username":"jovanna"},"duration":"7ms","method":"POST","params":{},"path":"/api/auth/login","query":{},"status":401},"timestamp":"2025-10-30T14:07:14.008Z"}
{"level":"info","message":{"body":{"password":"blessy","username":"jovanna"},"duration":"7ms","method":"POST","params":{},"path":"/api/auth/login","query":{},"status":401},"timestamp":"2025-10-30T14:08:00.182Z"}
{"level":"info","message":{"body":{"password":"admin123","role":"admin","username":"admin"},"duration":"416ms","method":"POST","params":{},"path":"/api/auth/signup","query":{},"status":201},"timestamp":"2025-10-30T15:09:41.010Z"}
{"level":"info","message":{"body":{"password":"admin123","username":"admin"},"duration":"271ms","method":"POST","params":{},"path":"/api/auth/login","query":{},"status":200},"timestamp":"2025-10-30T15:13:01.011Z"}
{"level":"info","message":{"duration":"59ms","method":"GET","params":{},"path":"/api/cars","query":{},"status":304},"timestamp":"2025-10-30T15:13:01.445Z"}
{"level":"info","message":{"duration":"139ms","method":"GET","params":{},"path":"/api/bookings","query":{},"status":304},"timestamp":"2025-10-30T15:13:01.536Z"}
{"level":"info","message":{"duration":"196ms","method":"GET","params":{},"path":"/api/dashboard/stats","query":{},"status":304},"timestamp":"2025-10-30T15:13:01.561Z"}
{"level":"info","message":{"body":{"brand":"Honda","model":"Amaze","pricePerDay":"950","registrationNo":"TN01M5632","status":"available"},"duration":"66ms","method":"POST","params":{},"path":"/api/cars","query":{},"status":201},"timestamp":"2025-10-30T15:17:30.238Z"}
{"level":"info","message":{"duration":"40ms","method":"GET","params":{},"path":"/api/cars","query":{},"status":200},"timestamp":"2025-10-30T15:17:30.302Z"}
{"level":"info","message":{"duration":"75ms","method":"GET","params":{},"path":"/api/dashboard/stats","query":{},"status":200},"timestamp":"2025-10-30T15:17:30.329Z"}
{"level":"info","message":{"body":{"brand":"Maruti Suzuki","model":"Baleno","pricePerDay":"880","registrationNo":"TN22A2345","status":"available"},"duration":"16ms","method":"POST","params":{},"path":"/api/cars","query":{},"status":201},"timestamp":"2025-10-30T15:18:40.263Z"}
{"level":"info","message":{"duration":"30ms","method":"GET","params":{},"path":"/api/cars","query":{},"status":200},"timestamp":"2025-10-30T15:18:40.315Z"}
{"level":"info","message":{"duration":"53ms","method":"GET","params":{},"path":"/api/dashboard/stats","query":{},"status":200},"timestamp":"2025-10-30T15:18:40.348Z"}
{"level":"info","message":{"body":{"brand":"Mahindra","model":"XUV300","pricePerDay":"1400","registrationNo":"TN04V9807","status":"available"},"duration":"17ms","method":"POST","params":{},"path":"/api/cars","query":{},"status":201},"timestamp":"2025-10-30T15:19:33.554Z"}
{"level":"info","message":{"duration":"18ms","method":"GET","params":{},"path":"/api/cars","query":{},"status":200},"timestamp":"2025-10-30T15:19:33.584Z"}
{"level":"info","message":{"duration":"55ms","method":"GET","params":{},"path":"/api/dashboard/stats","query":{},"status":200},"timestamp":"2025-10-30T15:19:33.626Z"}
{"level":"info","message":{"body":{"brand":"Mahindra","model":"Thar","pricePerDay":"2100","registrationNo":"TN07Z1246","status":"available"},"duration":"25ms","method":"POST","params":{},"path":"/api/cars","query":{},"status":201},"timestamp":"2025-10-30T15:20:42.541Z"}
{"level":"info","message":{"duration":"15ms","method":"GET","params":{},"path":"/api/cars","query":{},"status":200},"timestamp":"2025-10-30T15:20:42.563Z"}
{"level":"info","message":{"duration":"124ms","method":"GET","params":{},"path":"/api/dashboard/stats","query":{},"status":200},"timestamp":"2025-10-30T15:20:42.676Z"}
{"level":"info","message":{"body":{"car":"6903824aa33c71ce2c69864a","customerName":"Blesson","rentFrom":"2025-10-30","rentTo":"2025-10-31","status":"active"},"duration":"61ms","method":"POST","params":{},"path":"/api/bookings","query":{},"status":201},"timestamp":"2025-10-30T15:25:20.861Z"}
{"level":"info","message":{"duration":"31ms","method":"GET","params":{},"path":"/api/dashboard/stats","query":{},"status":200},"timestamp":"2025-10-30T15:25:20.930Z"}
{"level":"info","message":{"duration":"29ms","method":"GET","params":{},"path":"/api/bookings","query":{},"status":200},"timestamp":"2025-10-30T15:25:20.936Z"}
{"level":"info","message":{"duration":"11ms","method":"GET","params":{},"path":"/api/cars","query":{},"status":200},"timestamp":"2025-10-30T15:25:37.762Z"}
{"level":"info","message":{"duration":"53ms","method":"GET","params":{},"path":"/api/bookings","query":{},"status":304},"timestamp":"2025-10-30T15:25:37.770Z"}
{"level":"info","message":{"duration":"73ms","method":"GET","params":{},"path":"/api/dashboard/stats","query":{},"status":304},"timestamp":"2025-10-30T15:25:37.782Z"}
{"level":"info","message":{"duration":"124ms","method":"GET","params":{},"path":"/api/cars","query":{},"status":304},"timestamp":"2025-10-30T15:29:12.480Z"}
{"level":"info","message":{"duration":"318ms","method":"GET","params":{},"path":"/api/dashboard/stats","query":{},"status":304},"timestamp":"2025-10-30T15:29:12.660Z"}
{"level":"info","message":{"duration":"269ms","method":"GET","params":{},"path":"/api/bookings","query":{},"status":304},"timestamp":"2025-10-30T15:29:12.688Z"}
{"level":"info","message":{"body":{"password":"jovanna"},"duration":"187ms","method":"PUT","params":{},"path":"/api/auth/settings","query":{},"status":200},"timestamp":"2025-10-30T15:30:01.379Z"}
{"level":"info","message":{"duration":"40ms","method":"GET","params":{},"path":"/api/bookings","query":{},"status":304},"timestamp":"2025-10-30T15:30:26.799Z"}
{"level":"info","message":{"duration":"33ms","method":"GET","params":{},"path":"/api/cars","query":{},"status":304},"timestamp":"2025-10-30T15:30:26.813Z"}
{"level":"info","message":{"duration":"75ms","method":"GET","params":{},"path":"/api/dashboard/stats","query":{},"status":304},"timestamp":"2025-10-30T15:30:26.827Z"}
{"level":"info","message":{"duration":"33ms","method":"GET","params":{},"path":"/api/cars","query":{},"status":304},"timestamp":"2025-10-30T15:39:31.295Z"}
{"level":"info","message":{"duration":"54ms","method":"GET","params":{},"path":"/api/bookings","query":{},"status":304},"timestamp":"2025-10-30T15:39:31.309Z"}
{"level":"info","message":{"duration":"73ms","method":"GET","params":{},"path":"/api/dashboard/stats","query":{},"status":304},"timestamp":"2025-10-30T15:39:31.320Z"}
{"level":"info","message":{"duration":"43ms","method":"DELETE","params":{"id":"6903818aa33c71ce2c698635"},"path":"/api/cars/6903818aa33c71ce2c698635","query":{},"status":200},"timestamp":"2025-10-30T15:39:55.861Z"}
{"level":"info","message":{"duration":"16ms","method":"GET","params":{},"path":"/api/cars","query":{},"status":200},"timestamp":"2025-10-30T15:39:56.013Z"}
{"level":"info","message":{"duration":"136ms","method":"GET","params":{},"path":"/api/dashboard/stats","query":{},"status":200},"timestamp":"2025-10-30T15:39:56.138Z"}
{"level":"info","message":{"duration":"13ms","method":"GET","params":{"id":"6903824aa33c71ce2c69864a"},"path":"/api/cars/6903824aa33c71ce2c69864a","query":{},"status":200},"timestamp":"2025-10-30T15:39:59.965Z"}
{"level":"info","message":{"body":{"brand":"Mahindra","model":"great thar","pricePerDay":"2100","registrationNo":"TN07Z1246","status":"rented"},"duration":"24ms","method":"PUT","params":{"id":"6903824aa33c71ce2c69864a"},"path":"/api/cars/6903824aa33c71ce2c69864a","query":{},"status":200},"timestamp":"2025-10-30T15:40:15.717Z"}
{"level":"info","message":{"duration":"31ms","method":"GET","params":{},"path":"/api/cars","query":{},"status":200},"timestamp":"2025-10-30T15:40:15.898Z"}
{"level":"info","message":{"duration":"32ms","method":"GET","params":{},"path":"/api/dashboard/stats","query":{},"status":304},"timestamp":"2025-10-30T15:40:15.935Z"}
{"level":"info","message":{"duration":"27ms","method":"GET","params":{},"path":"/api/cars","query":{},"status":304},"timestamp":"2025-10-30T15:52:57.722Z"}
{"level":"info","message":{"duration":"48ms","method":"GET","params":{},"path":"/api/bookings","query":{},"status":200},"timestamp":"2025-10-30T15:52:57.747Z"}
{"level":"info","message":{"duration":"91ms","method":"GET","params":{},"path":"/api/dashboard/stats","query":{},"status":304},"timestamp":"2025-10-30T15:52:57.754Z"}
{"level":"info","message":{"body":{"password":"admin123","username":"admin"},"duration":"183ms","method":"POST","params":{},"path":"/api/auth/login","query":{},"status":401},"timestamp":"2025-10-30T15:53:19.489Z"}
{"level":"info","message":{"body":{"password":"jovanna","username":"admin"},"duration":"256ms","method":"POST","params":{},"path":"/api/auth/login","query":{},"status":200},"timestamp":"2025-10-30T15:53:33.462Z"}
{"level":"info","message":{"duration":"14ms","method":"GET","params":{},"path":"/api/cars","query":{},"status":304},"timestamp":"2025-10-30T15:53:33.724Z"}
{"level":"info","message":{"duration":"33ms","method":"GET","params":{},"path":"/api/bookings","query":{},"status":304},"timestamp":"2025-10-30T15:53:33.734Z"}
{"level":"info","message":{"duration":"112ms","method":"GET","params":{},"path":"/api/dashboard/stats","query":{},"status":304},"timestamp":"2025-10-30T15:53:33.748Z"}
{"level":"info","message":{"body":{"password":"jovanna","username":"admin"},"duration":"236ms","method":"POST","params":{},"path":"/api/auth/login","query":{},"status":200},"timestamp":"2025-10-30T15:54:02.898Z"}
{"level":"info","message":{"duration":"75ms","method":"GET","params":{},"path":"/api/cars","query":{},"status":304},"timestamp":"2025-10-30T15:54:03.291Z"}
{"level":"info","message":{"duration":"128ms","method":"GET","params":{},"path":"/api/bookings","query":{},"status":304},"timestamp":"2025-10-30T15:54:03.347Z"}
{"level":"info","message":{"duration":"145ms","method":"GET","params":{},"path":"/api/dashboard/stats","query":{},"status":304},"timestamp":"2025-10-30T15:54:03.382Z"}
{"level":"info","message":{"duration":"35ms","method":"DELETE","params":{"id":"690311c2e4c4dcff509b1a7e"},"path":"/api/bookings/690311c2e4c4dcff509b1a7e","query":{},"status":200},"timestamp":"2025-10-30T15:57:27.550Z"}
{"level":"info","message":{"duration":"38ms","method":"GET","params":{},"path":"/api/bookings","query":{},"status":200},"timestamp":"2025-10-30T15:57:27.609Z"}
{"level":"info","message":{"duration":"113ms","method":"GET","params":{},"path":"/api/dashboard/stats","query":{},"status":200},"timestamp":"2025-10-30T15:57:27.704Z"}
{"level":"info","message":{"duration":"11ms","method":"GET","params":{},"path":"/api/cars","query":{},"status":200},"timestamp":"2025-10-30T15:57:37.837Z"}
{"level":"info","message":{"duration":"17ms","method":"GET","params":{},"path":"/api/bookings","query":{},"status":304},"timestamp":"2025-10-30T15:57:37.845Z"}
{"level":"info","message":{"duration":"61ms","method":"GET","params":{},"path":"/api/dashboard/stats","query":{},"status":304},"timestamp":"2025-10-30T15:57:37.880Z"}
{"level":"info","message":{"duration":"22ms","method":"GET","params":{},"path":"/api/bookings","query":{},"status":304},"timestamp":"2025-10-30T15:58:21.026Z"}
{"level":"info","message":{"duration":"14ms","method":"GET","params":{},"path":"/api/cars","query":{},"status":304},"timestamp":"2025-10-30T15:58:21.031Z"}
{"level":"info","message":{"duration":"45ms","method":"GET","params":{},"path":"/api/dashboard/stats","query":{},"status":304},"timestamp":"2025-10-30T15:58:21.046Z"}
{"level":"info","message":{"duration":"15ms","method":"GET","params":{},"path":"/api/cars","query":{},"status":304},"timestamp":"2025-10-30T15:59:12.859Z"}
{"level":"info","message":{"duration":"14ms","method":"GET","params":{},"path":"/api/bookings","query":{},"status":304},"timestamp":"2025-10-30T15:59:12.877Z"}
{"level":"info","message":{"duration":"55ms","method":"GET","params":{},"path":"/api/dashboard/stats","query":{},"status":304},"timestamp":"2025-10-30T15:59:12.896Z"}
{"level":"info","message":{"duration":"11ms","method":"GET","params":{},"path":"/api/cars","query":{},"status":304},"timestamp":"2025-10-30T15:59:18.835Z"}
{"level":"info","message":{"duration":"26ms","method":"GET","params":{},"path":"/api/bookings","query":{},"status":304},"timestamp":"2025-10-30T15:59:18.846Z"}
{"level":"info","message":{"duration":"34ms","method":"GET","params":{},"path":"/api/dashboard/stats","query":{},"status":304},"timestamp":"2025-10-30T15:59:18.852Z"}
{"level":"info","message":{"body":{"password":"jovanna","username":"admin"},"duration":"207ms","method":"POST","params":{},"path":"/api/auth/login","query":{},"status":200},"timestamp":"2025-10-30T15:59:38.626Z"}
{"level":"info","message":{"duration":"19ms","method":"GET","params":{},"path":"/api/cars","query":{},"status":304},"timestamp":"2025-10-30T15:59:38.698Z"}
{"level":"info","message":{"duration":"45ms","method":"GET","params":{},"path":"/api/bookings","query":{},"status":304},"timestamp":"2025-10-30T15:59:38.708Z"}
{"level":"info","message":{"duration":"45ms","method":"GET","params":{},"path":"/api/dashboard/stats","query":{},"status":304},"timestamp":"2025-10-30T15:59:38.719Z"}
{"level":"info","message":{"duration":"34ms","method":"GET","params":{},"path":"/api/cars","query":{},"status":304},"timestamp":"2025-10-30T16:08:26.794Z"}
{"level":"info","message":{"duration":"7ms","method":"GET","params":{},"path":"/api/cars","query":{},"status":304},"timestamp":"2025-10-30T16:08:26.816Z"}
{"level":"info","message":{"duration":"123ms","method":"GET","params":{},"path":"/api/dashboard/stats","query":{},"status":304},"timestamp":"2025-10-30T16:08:26.834Z"}
{"level":"info","message":{"duration":"16ms","method":"GET","params":{},"path":"/api/cars","query":{},"status":304},"timestamp":"2025-10-30T16:08:26.846Z"}
{"level":"info","message":{"duration":"39ms","method":"GET","params":{},"path":"/api/cars","query":{},"status":304},"timestamp":"2025-10-30T16:08:26.936Z"}
{"level":"info","message":{"duration":"101ms","method":"GET","params":{},"path":"/api/bookings","query":{},"status":304},"timestamp":"2025-10-30T16:08:26.950Z"}
{"level":"info","message":{"duration":"103ms","method":"GET","params":{},"path":"/api/dashboard/stats","query":{},"status":304},"timestamp":"2025-10-30T16:08:26.996Z"}
{"level":"info","message":{"duration":"48ms","method":"GET","params":{},"path":"/api/bookings","query":{},"status":304},"timestamp":"2025-10-30T16:08:27.017Z"}
{"level":"info","message":{"body":{"password":"jovanna","username":"admin"},"duration":"223ms","method":"POST","params":{},"path":"/api/auth/login","query":{},"status":200},"timestamp":"2025-10-30T16:09:00.514Z"}
{"level":"info","message":{"duration":"15ms","method":"GET","params":{},"path":"/api/cars","query":{},"status":304},"timestamp":"2025-10-30T16:09:00.578Z"}
{"level":"info","message":{"duration":"25ms","method":"GET","params":{},"path":"/api/cars","query":{},"status":304},"timestamp":"2025-10-30T16:09:00.732Z"}
{"level":"info","message":{"duration":"193ms","method":"GET","params":{},"path":"/api/dashboard/stats","query":{},"status":304},"timestamp":"2025-10-30T16:09:00.759Z"}
{"level":"info","message":{"duration":"97ms","method":"GET","params":{},"path":"/api/bookings","query":{},"status":304},"timestamp":"2025-10-30T16:09:00.859Z"}
{"level":"info","message":{"duration":"14ms","method":"GET","params":{},"path":"/api/cars","query":{},"status":304},"timestamp":"2025-10-30T16:09:13.564Z"}
{"level":"info","message":{"duration":"7ms","method":"GET","params":{},"path":"/api/cars","query":{},"status":304},"timestamp":"2025-10-30T16:09:33.100Z"}
{"level":"info","message":{"duration":"11ms","method":"GET","params":{},"path":"/api/cars","query":{},"status":304},"timestamp":"2025-10-30T16:09:57.392Z"}
{"level":"info","message":{"duration":"28ms","method":"GET","params":{},"path":"/api/cars","query":{},"status":304},"timestamp":"2025-10-30T16:10:36.920Z"}
{"level":"info","message":{"body":{"car":"69038205a33c71ce2c698643","customerName":"Jason","rentFrom":"2025-10-30","rentTo":"2025-10-30","status":"active"},"duration":"64ms","method":"POST","params":{},"path":"/api/bookings","query":{},"status":201},"timestamp":"2025-10-30T16:11:01.143Z"}
{"level":"info","message":{"duration":"15ms","method":"GET","params":{},"path":"/api/cars","query":{},"status":200},"timestamp":"2025-10-30T16:11:01.199Z"}
{"level":"info","message":{"duration":"132ms","method":"GET","params":{},"path":"/api/dashboard/stats","query":{},"status":200},"timestamp":"2025-10-30T16:11:01.318Z"}
{"level":"info","message":{"duration":"34ms","method":"GET","params":{},"path":"/api/bookings","query":{},"status":200},"timestamp":"2025-10-30T16:11:01.348Z"}
{"level":"info","message":{"duration":"6ms","method":"GET","params":{},"path":"/api/cars","query":{},"status":304},"timestamp":"2025-10-30T16:11:10.865Z"}
{"level":"info","message":{"duration":"10ms","method":"GET","params":{},"path":"/api/cars","query":{},"status":304},"timestamp":"2025-10-30T16:17:43.848Z"}
{"level":"info","message":{"duration":"45ms","method":"GET","params":{},"path":"/api/dashboard/stats","query":{},"status":304},"timestamp":"2025-10-30T16:17:43.877Z"}
{"level":"info","message":{"duration":"135ms","method":"GET","params":{},"path":"/api/cars","query":{},"status":304},"timestamp":"2025-10-30T16:17:44.043Z"}
{"level":"info","message":{"duration":"37ms","method":"GET","params":{},"path":"/api/bookings","query":{},"status":304},"timestamp":"2025-10-30T16:17:44.069Z"}
{"level":"info","message":{"duration":"84ms","method":"GET","params":{},"path":"/api/cars","query":{},"status":304},"timestamp":"2025-10-30T16:17:44.494Z"}
{"level":"info","message":{"duration":"64ms","method":"GET","params":{},"path":"/api/cars","query":{},"status":304},"timestamp":"2025-10-30T16:17:44.643Z"}
{"level":"info","message":{"duration":"381ms","method":"GET","params":{},"path":"/api/dashboard/stats","query":{},"status":304},"timestamp":"2025-10-30T16:17:44.750Z"}
{"level":"info","message":{"duration":"242ms","method":"GET","params":{},"path":"/api/bookings","query":{},"status":304},"timestamp":"2025-10-30T16:17:44.829Z"}
{"level":"info","message":{"body":{"password":"jovanna","username":"admin"},"duration":"230ms","method":"POST","params":{},"path":"/api/auth/login","query":{},"status":200},"timestamp":"2025-10-30T16:18:07.566Z"}
{"level":"info","message":{"duration":"21ms","method":"GET","params":{},"path":"/api/cars","query":{},"status":304},"timestamp":"2025-10-30T16:18:07.603Z"}
{"level":"info","message":{"duration":"29ms","method":"GET","params":{},"path":"/api/cars","query":{},"status":304},"timestamp":"2025-10-30T16:18:07.726Z"}
{"level":"info","message":{"duration":"158ms","method":"GET","params":{},"path":"/api/dashboard/stats","query":{},"status":304},"timestamp":"2025-10-30T16:18:07.735Z"}
{"level":"info","message":{"duration":"12ms","method":"GET","params":{},"path":"/api/bookings","query":{},"status":304},"timestamp":"2025-10-30T16:18:07.768Z"}
{"level":"info","message":{"body":{"password":"jovanna","username":"admin"},"duration":"177ms","method":"POST","params":{},"path":"/api/auth/login","query":{},"status":200},"timestamp":"2025-10-30T16:18:15.663Z"}
{"level":"info","message":{"duration":"13ms","method":"GET","params":{},"path":"/api/cars","query":{},"status":304},"timestamp":"2025-10-30T16:18:15.725Z"}
{"level":"info","message":{"duration":"18ms","method":"GET","params":{},"path":"/api/cars","query":{},"status":304},"timestamp":"2025-10-30T16:18:15.754Z"}
{"level":"info","message":{"duration":"164ms","method":"GET","params":{},"path":"/api/dashboard/stats","query":{},"status":304},"timestamp":"2025-10-30T16:18:15.868Z"}
{"level":"info","message":{"duration":"153ms","method":"GET","params":{},"path":"/api/bookings","query":{},"status":304},"timestamp":"2025-10-30T16:18:15.916Z"}
{"level":"info","message":{"body":{"password":"jovanna","username":"admin"},"duration":"193ms","method":"POST","params":{},"path":"/api/auth/login","query":{},"status":200},"timestamp":"2025-10-30T16:18:37.002Z"}
{"level":"info","message":{"duration":"18ms","method":"GET","params":{},"path":"/api/cars","query":{},"status":304},"timestamp":"2025-10-30T16:18:37.063Z"}
{"level":"info","message":{"duration":"83ms","method":"GET","params":{},"path":"/api/cars","query":{},"status":304},"timestamp":"2025-10-30T16:18:37.153Z"}
{"level":"info","message":{"duration":"145ms","method":"GET","params":{},"path":"/api/dashboard/stats","query":{},"status":304},"timestamp":"2025-10-30T16:18:37.186Z"}
{"level":"info","message":{"duration":"17ms","method":"GET","params":{},"path":"/api/bookings","query":{},"status":304},"timestamp":"2025-10-30T16:18:37.212Z"}
{"level":"info","message":{"duration":"11ms","method":"GET","params":{},"path":"/api/cars","query":{},"status":304},"timestamp":"2025-10-30T16:18:42.779Z"}
{"level":"info","message":{"body":{"password":"blessy","role":"admin","username":"Jovanna"},"duration":"231ms","method":"POST","params":{},"path":"/api/auth/signup","query":{},"status":201},"timestamp":"2025-10-30T16:19:32.455Z"}
{"level":"info","message":{"body":{"password":"blessy","username":"jovanna"},"duration":"12ms","method":"POST","params":{},"path":"/api/auth/login","query":{},"status":401},"timestamp":"2025-10-30T16:19:54.430Z"}
{"level":"info","message":{"body":{"password":"blessy","username":"jovanna"},"duration":"24ms","method":"POST","params":{},"path":"/api/auth/login","query":{},"status":401},"timestamp":"2025-10-30T16:19:55.699Z"}
{"level":"info","message":{"body":{"password":"jovanna","username":"admin"},"duration":"187ms","method":"POST","params":{},"path":"/api/auth/login","query":{},"status":200},"timestamp":"2025-10-30T16:20:17.474Z"}
{"level":"info","message":{"duration":"37ms","method":"GET","params":{},"path":"/api/cars","query":{},"status":304},"timestamp":"2025-10-30T16:20:17.570Z"}
{"level":"info","message":{"duration":"36ms","method":"GET","params":{},"path":"/api/cars","query":{},"status":304},"timestamp":"2025-10-30T16:20:17.676Z"}
{"level":"info","message":{"duration":"146ms","method":"GET","params":{},"path":"/api/dashboard/stats","query":{},"status":304},"timestamp":"2025-10-30T16:20:17.682Z"}
{"level":"info","message":{"duration":"16ms","method":"GET","params":{},"path":"/api/bookings","query":{},"status":304},"timestamp":"2025-10-30T16:20:17.718Z"}
{"level":"info","message":{"body":{"password":"blessy","role":"admin","username":"Jovanna"},"duration":"271ms","method":"POST","params":{},"path":"/api/auth/signup","query":{},"status":400},"timestamp":"2025-10-30T16:22:27.412Z"}
{"level":"info","message":{"body":{"password":"blessy","role":"admin","username":"AJovanna"},"duration":"280ms","method":"POST","params":{},"path":"/api/auth/signup","query":{},"status":201},"timestamp":"2025-10-30T16:22:51.692Z"}
{"level":"info","message":{"duration":"8ms","method":"GET","params":{},"path":"/api/cars","query":{},"status":304},"timestamp":"2025-10-30T16:23:11.464Z"}
{"level":"info","message":{"duration":"4ms","method":"GET","params":{},"path":"/api/cars","query":{},"status":304},"timestamp":"2025-10-30T16:23:11.471Z"}
{"level":"info","message":{"duration":"23ms","method":"GET","params":{},"path":"/api/dashboard/stats","query":{},"status":304},"timestamp":"2025-10-30T16:23:11.478Z"}
{"level":"info","message":{"duration":"49ms","method":"GET","params":{},"path":"/api/bookings","query":{},"status":304},"timestamp":"2025-10-30T16:23:11.536Z"}
{"level":"info","message":{"body":{"password":"blessy","username":"AJovanna"},"duration":"204ms","method":"POST","params":{},"path":"/api/auth/login","query":{},"status":200},"timestamp":"2025-10-30T16:23:40.929Z"}
{"level":"info","message":{"duration":"28ms","method":"GET","params":{},"path":"/api/cars","query":{},"status":304},"timestamp":"2025-10-30T16:23:41.324Z"}
{"level":"info","message":{"duration":"24ms","method":"GET","params":{},"path":"/api/cars","query":{},"status":304},"timestamp":"2025-10-30T16:23:41.430Z"}
{"level":"info","message":{"duration":"299ms","method":"GET","params":{},"path":"/api/dashboard/stats","query":{},"status":304},"timestamp":"2025-10-30T16:23:41.437Z"}
{"level":"info","message":{"duration":"22ms","method":"GET","params":{},"path":"/api/bookings","query":{},"status":304},"timestamp":"2025-10-30T16:23:41.454Z"}
{"level":"info","message":{"duration":"19ms","method":"GET","params":{},"path":"/api/cars","query":{},"status":304},"timestamp":"2025-10-30T16:31:13.797Z"}
{"level":"info","message":{"duration":"7ms","method":"GET","params":{},"path":"/api/cars","query":{},"status":304},"timestamp":"2025-10-30T16:31:13.814Z"}
{"level":"info","message":{"duration":"68ms","method":"GET","params":{},"path":"/api/dashboard/stats","query":{},"status":304},"timestamp":"2025-10-30T16:31:13.832Z"}
{"level":"info","message":{"duration":"42ms","method":"GET","params":{},"path":"/api/bookings","query":{},"status":304},"timestamp":"2025-10-30T16:31:13.879Z"}
{"level":"info","message":{"body":{"password":"juliet","username":"Joney"},"duration":"12ms","method":"POST","params":{},"path":"/api/auth/login","query":{},"status":401},"timestamp":"2025-10-30T16:31:31.234Z"}
{"level":"info","message":{"body":{"password":"juliet","username":"Joney"},"duration":"8ms","method":"POST","params":{},"path":"/api/auth/login","query":{},"status":401},"timestamp":"2025-10-30T16:31:38.961Z"}
{"level":"info","message":{"body":{"password":"blessy","username":"AJovanna"},"duration":"193ms","method":"POST","params":{},"path":"/api/auth/login","query":{},"status":200},"timestamp":"2025-10-30T16:31:56.081Z"}
{"level":"info","message":{"duration":"160ms","method":"GET","params":{},"path":"/api/cars","query":{},"status":304},"timestamp":"2025-10-30T16:31:56.297Z"}
{"level":"info","message":{"duration":"18ms","method":"GET","params":{},"path":"/api/cars","query":{},"status":304},"timestamp":"2025-10-30T16:31:56.334Z"}
{"level":"info","message":{"duration":"253ms","method":"GET","params":{},"path":"/api/dashboard/stats","query":{},"status":304},"timestamp":"2025-10-30T16:31:56.377Z"}
{"level":"info","message":{"duration":"146ms","method":"GET","params":{},"path":"/api/bookings","query":{},"status":304},"timestamp":"2025-10-30T16:31:56.499Z"}
{"level":"info","message":{"duration":"50ms","method":"GET","params":{},"path":"/api/cars","query":{},"status":304},"timestamp":"2025-10-30T16:33:50.736Z"}
{"level":"info","message":{"duration":"24ms","method":"GET","params":{},"path":"/api/cars","query":{},"status":304},"timestamp":"2025-10-30T16:33:50.787Z"}
{"level":"info","message":{"duration":"144ms","method":"GET","params":{},"path":"/api/dashboard/stats","query":{},"status":304},"timestamp":"2025-10-30T16:33:50.801Z"}
{"level":"info","message":{"duration":"35ms","method":"GET","params":{},"path":"/api/cars","query":{},"status":304},"timestamp":"2025-10-30T16:33:50.845Z"}
{"level":"info","message":{"duration":"29ms","method":"GET","params":{},"path":"/api/cars","query":{},"status":304},"timestamp":"2025-10-30T16:33:50.915Z"}
{"level":"info","message":{"duration":"53ms","method":"GET","params":{},"path":"/api/bookings","query":{},"status":304},"timestamp":"2025-10-30T16:33:50.930Z"}
{"level":"info","message":{"duration":"75ms","method":"GET","params":{},"path":"/api/dashboard/stats","query":{},"status":304},"timestamp":"2025-10-30T16:33:50.935Z"}
{"level":"info","message":{"duration":"22ms","method":"GET","params":{},"path":"/api/bookings","query":{},"status":304},"timestamp":"2025-10-30T16:33:50.968Z"}
{"level":"info","message":{"body":{"password":"juliet","role":"user","username":"Joney"},"duration":"266ms","method":"POST","params":{},"path":"/api/auth/signup","query":{},"status":201},"timestamp":"2025-10-30T16:37:45.734Z"}
{"level":"info","message":{"body":{"password":"juliet","username":"Joney"},"duration":"182ms","method":"POST","params":{},"path":"/api/auth/login","query":{},"status":200},"timestamp":"2025-10-30T16:38:17.997Z"}
{"level":"info","message":{"duration":"344ms","method":"GET","params":{},"path":"/api/cars","query":{},"status":304},"timestamp":"2025-10-30T16:38:18.427Z"}
{"level":"info","message":{"duration":"485ms","method":"GET","params":{},"path":"/api/dashboard/stats","query":{},"status":304},"timestamp":"2025-10-30T16:38:18.551Z"}
{"level":"info","message":{"duration":"23ms","method":"GET","params":{},"path":"/api/cars","query":{},"status":304},"timestamp":"2025-10-30T16:38:18.566Z"}
{"level":"info","message":{"duration":"18ms","method":"GET","params":{},"path":"/api/bookings","query":{},"status":304},"timestamp":"2025-10-30T16:38:18.602Z"}
{"level":"info","message":{"body":{"password":"blessy","username":"AJovanna"},"duration":"174ms","method":"POST","params":{},"path":"/api/auth/login","query":{},"status":200},"timestamp":"2025-10-30T16:38:52.455Z"}
{"level":"info","message":{"duration":"267ms","method":"GET","params":{},"path":"/api/cars","query":{},"status":304},"timestamp":"2025-10-30T16:38:52.794Z"}
{"level":"info","message":{"duration":"21ms","method":"GET","params":{},"path":"/api/cars","query":{},"status":304},"timestamp":"2025-10-30T16:38:52.870Z"}
{"level":"info","message":{"duration":"399ms","method":"GET","params":{},"path":"/api/dashboard/stats","query":{},"status":304},"timestamp":"2025-10-30T16:38:52.892Z"}
{"level":"info","message":{"duration":"29ms","method":"GET","params":{},"path":"/api/bookings","query":{},"status":304},"timestamp":"2025-10-30T16:38:52.910Z"}
{"level":"info","message":{"duration":"33ms","method":"GET","params":{},"path":"/api/cars","query":{},"status":304},"timestamp":"2025-10-30T16:39:03.875Z"}
{"level":"info","message":{"duration":"67ms","method":"GET","params":{},"path":"/api/cars","query":{},"status":304},"timestamp":"2025-10-30T17:03:51.306Z"}
{"level":"info","message":{"duration":"8ms","method":"GET","params":{},"path":"/api/cars","query":{},"status":304},"timestamp":"2025-10-30T17:03:51.319Z"}
{"level":"info","message":{"duration":"138ms","method":"GET","params":{},"path":"/api/dashboard/stats","query":{},"status":304},"timestamp":"2025-10-30T17:03:51.336Z"}
{"level":"info","message":{"duration":"31ms","method":"GET","params":{},"path":"/api/bookings","query":{},"status":304},"timestamp":"2025-10-30T17:03:51.380Z"}
{"level":"info","message":{"duration":"66ms","method":"GET","params":{},"path":"/api/cars","query":{},"status":304},"timestamp":"2025-10-30T17:07:56.413Z"}
{"level":"info","message":{"duration":"138ms","method":"GET","params":{},"path":"/api/cars","query":{},"status":304},"timestamp":"2025-10-30T17:07:56.559Z"}
{"level":"info","message":{"duration":"228ms","method":"GET","params":{},"path":"/api/dashboard/stats","query":{},"status":304},"timestamp":"2025-10-30T17:07:56.626Z"}
{"level":"info","message":{"duration":"13ms","method":"GET","params":{},"path":"/api/bookings","query":{},"status":304},"timestamp":"2025-10-30T17:07:56.687Z"}
{"level":"info","message":{"body":{"password":"blessy","username":"AJovanna"},"duration":"278ms","method":"POST","params":{},"path":"/api/auth/login","query":{},"status":200},"timestamp":"2025-10-30T17:37:24.656Z"}
{"level":"info","message":{"duration":"36ms","method":"GET","params":{},"path":"/api/cars","query":{},"status":200},"timestamp":"2025-10-30T17:37:24.736Z"}
{"level":"info","message":{"duration":"9ms","method":"GET","params":{},"path":"/api/cars","query":{},"status":304},"timestamp":"2025-10-30T17:37:24.750Z"}
{"level":"info","message":{"duration":"27ms","method":"GET","params":{},"path":"/api/bookings","query":{},"status":200},"timestamp":"2025-10-30T17:37:24.793Z"}
{"level":"info","message":{"duration":"110ms","method":"GET","params":{},"path":"/api/dashboard/stats","query":{},"status":200},"timestamp":"2025-10-30T17:37:24.799Z"}
{"level":"info","message":{"duration":"40ms","method":"GET","params":{"id":"69038360a33c71ce2c698651"},"path":"/api/bookings/69038360a33c71ce2c698651","query":{},"status":200},"timestamp":"2025-10-30T17:37:51.847Z"}
{"level":"info","message":{"duration":"23ms","method":"GET","params":{},"path":"/api/cars","query":{},"status":304},"timestamp":"2025-10-30T17:37:51.902Z"}
{"level":"info","message":{"duration":"18ms","method":"GET","params":{"id":"69038360a33c71ce2c698651"},"path":"/api/bookings/69038360a33c71ce2c698651","query":{},"status":304},"timestamp":"2025-10-30T17:37:58.384Z"}
{"level":"info","message":{"duration":"25ms","method":"GET","params":{},"path":"/api/cars","query":{},"status":304},"timestamp":"2025-10-30T17:37:58.424Z"}
{"level":"info","message":{"duration":"16ms","method":"GET","params":{"id":"69038360a33c71ce2c698651"},"path":"/api/bookings/69038360a33c71ce2c698651","query":{},"status":304},"timestamp":"2025-10-30T17:38:12.945Z"}
{"level":"info","message":{"duration":"26ms","method":"GET","params":{},"path":"/api/cars","query":{},"status":304},"timestamp":"2025-10-30T17:38:12.984Z"}
{"level":"info","message":{"duration":"22ms","method":"GET","params":{"id":"6903824aa33c71ce2c69864a"},"path":"/api/cars/6903824aa33c71ce2c69864a","query":{},"status":200},"timestamp":"2025-10-30T17:38:24.510Z"}
{"level":"info","message":{"body":{"brand":"Mahindra","model":"Thar","pricePerDay":"2100","registrationNo":"TN07Z1246","status":"rented"},"duration":"63ms","method":"PUT","params":{"id":"6903824aa33c71ce2c69864a"},"path":"/api/cars/6903824aa33c71ce2c69864a","query":{},"status":200},"timestamp":"2025-10-30T17:38:33.398Z"}
{"level":"info","message":{"duration":"17ms","method":"GET","params":{},"path":"/api/cars","query":{},"status":200},"timestamp":"2025-10-30T17:38:33.434Z"}
{"level":"info","message":{"duration":"37ms","method":"GET","params":{},"path":"/api/dashboard/stats","query":{},"status":304},"timestamp":"2025-10-30T17:38:33.459Z"}
{"level":"info","message":{"duration":"61ms","method":"GET","params":{},"path":"/api/cars","query":{},"status":304},"timestamp":"2025-10-30T17:38:47.448Z"}
{"level":"info","message":{"duration":"96ms","method":"GET","params":{},"path":"/api/dashboard/stats","query":{},"status":304},"timestamp":"2025-10-30T17:38:47.480Z"}
{"level":"info","message":{"duration":"58ms","method":"GET","params":{},"path":"/api/cars","query":{},"status":304},"timestamp":"2025-10-30T17:38:47.516Z"}
{"level":"info","message":{"duration":"16ms","method":"GET","params":{},"path":"/api/bookings","query":{},"status":200},"timestamp":"2025-10-30T17:38:47.553Z"}
{"level":"info","message":{"duration":"17ms","method":"GET","params":{"id":"6903824aa33c71ce2c69864a"},"path":"/api/cars/6903824aa33c71ce2c69864a","query":{},"status":200},"timestamp":"2025-10-30T17:39:30.033Z"}
{"level":"info","message":{"body":{"password":"blessy","username":"AJovanna"},"duration":"240ms","method":"POST","params":{},"path":"/api/auth/login","query":{},"status":200},"timestamp":"2025-10-30T17:40:05.185Z"}
{"level":"info","message":{"duration":"13ms","method":"GET","params":{},"path":"/api/cars","query":{},"status":304},"timestamp":"2025-10-30T17:40:05.226Z"}
{"level":"info","message":{"duration":"6ms","method":"GET","params":{},"path":"/api/cars","query":{},"status":304},"timestamp":"2025-10-30T17:40:05.243Z"}
{"level":"info","message":{"duration":"50ms","method":"GET","params":{},"path":"/api/dashboard/stats","query":{},"status":304},"timestamp":"2025-10-30T17:40:05.258Z"}
{"level":"info","message":{"duration":"13ms","method":"GET","params":{},"path":"/api/bookings","query":{},"status":304},"timestamp":"2025-10-30T17:40:05.287Z"}
{"level":"info","message":{"duration":"26ms","method":"GET","params":{"id":"6903824aa33c71ce2c69864a"},"path":"/api/cars/6903824aa33c71ce2c69864a","query":{},"status":304},"timestamp":"2025-10-30T17:40:57.837Z"}
{"level":"info","message":{"duration":"14ms","method":"GET","params":{},"path":"/api/cars","query":{},"status":304},"timestamp":"2025-10-30T17:41:03.997Z"}
{"level":"info","message":{"body":{"car":"68fb99152c312c123ef0b24f","customerName":"caro","rentFrom":"2025-10-31","rentTo":"2025-10-31","status":"active"},"duration":"64ms","method":"POST","params":{},"path":"/api/bookings","query":{},"status":201},"timestamp":"2025-10-30T17:41:26.447Z"}
{"level":"info","message":{"duration":"17ms","method":"GET","params":{},"path":"/api/cars","query":{},"status":200},"timestamp":"2025-10-30T17:41:26.483Z"}
{"level":"info","message":{"duration":"56ms","method":"GET","params":{},"path":"/api/dashboard/stats","query":{},"status":200},"timestamp":"2025-10-30T17:41:26.530Z"}
{"level":"info","message":{"duration":"37ms","method":"GET","params":{},"path":"/api/bookings","query":{},"status":200},"timestamp":"2025-10-30T17:41:26.559Z"}
{"level":"info","message":{"body":{"password":"bleesy","username":"AJovanna"},"duration":"173ms","method":"POST","params":{},"path":"/api/auth/login","query":{},"status":401},"timestamp":"2025-10-30T17:42:01.233Z"}
{"level":"info","message":{"body":{"password":"blessy","username":"AJovanna"},"duration":"204ms","method":"POST","params":{},"path":"/api/auth/login","query":{},"status":200},"timestamp":"2025-10-30T17:42:06.616Z"}
{"level":"info","message":{"duration":"16ms","method":"GET","params":{},"path":"/api/cars","query":{},"status":304},"timestamp":"2025-10-30T17:42:06.650Z"}
{"level":"info","message":{"duration":"197ms","method":"GET","params":{},"path":"/api/dashboard/stats","query":{},"status":304},"timestamp":"2025-10-30T17:42:06.826Z"}
{"level":"info","message":{"duration":"163ms","method":"GET","params":{},"path":"/api/cars","query":{},"status":304},"timestamp":"2025-10-30T17:42:06.975Z"}
{"level":"info","message":{"duration":"23ms","method":"GET","params":{},"path":"/api/bookings","query":{},"status":304},"timestamp":"2025-10-30T17:42:07.015Z"}
{"level":"info","message":{"body":{"password":"blessy","username":"AJovanna"},"duration":"328ms","method":"POST","params":{},"path":"/api/auth/login","query":{},"status":200},"timestamp":"2025-10-30T17:52:20.272Z"}
{"level":"info","message":{"duration":"29ms","method":"GET","params":{},"path":"/api/cars","query":{},"status":200},"timestamp":"2025-10-30T17:52:20.331Z"}
{"level":"info","message":{"duration":"6ms","method":"GET","params":{},"path":"/api/cars","query":{},"status":304},"timestamp":"2025-10-30T17:52:20.344Z"}
{"level":"info","message":{"duration":"22ms","method":"GET","params":{},"path":"/api/bookings","query":{},"status":200},"timestamp":"2025-10-30T17:52:20.375Z"}
{"level":"info","message":{"duration":"92ms","method":"GET","params":{},"path":"/api/dashboard/stats","query":{},"status":200},"timestamp":"2025-10-30T17:52:20.386Z"}
{"level":"info","message":{"body":{"brand":"Rolls royce","model":"Rolls royce","pricePerDay":"50000","registrationNo":"TN07Z1249","status":"available"},"duration":"27ms","method":"POST","params":{},"path":"/api/cars","query":{},"status":201},"timestamp":"2025-10-30T17:54:13.520Z"}
{"level":"info","message":{"duration":"17ms","method":"GET","params":{},"path":"/api/cars","query":{},"status":200},"timestamp":"2025-10-30T17:54:13.557Z"}
{"level":"info","message":{"duration":"59ms","method":"GET","params":{},"path":"/api/dashboard/stats","query":{},"status":200},"timestamp":"2025-10-30T17:54:13.595Z"}
{"level":"info","message":{"duration":"11ms","method":"GET","params":{},"path":"/api/cars","query":{},"status":304},"timestamp":"2025-10-30T17:54:21.736Z"}
{"level":"info","message":{"body":{"car":"6903a645a33c71ce2c6987d1","customerName":"Fio","rentFrom":"2025-10-31","rentTo":"2025-11-02","status":"active"},"duration":"40ms","method":"POST","params":{},"path":"/api/bookings","query":{},"status":201},"timestamp":"2025-10-30T17:55:44.768Z"}
{"level":"info","message":{"duration":"20ms","method":"GET","params":{},"path":"/api/cars","query":{},"status":200},"timestamp":"2025-10-30T17:55:44.808Z"}
{"level":"info","message":{"duration":"13ms","method":"GET","params":{},"path":"/api/bookings","query":{},"status":200},"timestamp":"2025-10-30T17:55:44.830Z"}
{"level":"info","message":{"duration":"50ms","method":"GET","params":{},"path":"/api/dashboard/stats","query":{},"status":200},"timestamp":"2025-10-30T17:55:44.847Z"}
{"level":"info","message":{"duration":"17ms","method":"GET","params":{"id":"6903a6a0a33c71ce2c6987d9"},"path":"/api/bookings/6903a6a0a33c71ce2c6987d9","query":{},"status":200},"timestamp":"2025-10-30T17:55:50.863Z"}
{"level":"info","message":{"duration":"99ms","method":"GET","params":{},"path":"/api/cars","query":{},"status":304},"timestamp":"2025-10-30T17:55:50.975Z"}
{"level":"info","message":{"body":{"password":"blessy","username":"AJovanna"},"duration":"159ms","method":"POST","params":{},"path":"/api/auth/login","query":{},"status":200},"timestamp":"2025-10-30T17:56:44.948Z"}
{"level":"info","message":{"duration":"18ms","method":"GET","params":{},"path":"/api/cars","query":{},"status":304},"timestamp":"2025-10-30T17:56:44.996Z"}
{"level":"info","message":{"duration":"22ms","method":"GET","params":{},"path":"/api/cars","query":{},"status":304},"timestamp":"2025-10-30T17:56:45.033Z"}
{"level":"info","message":{"duration":"78ms","method":"GET","params":{},"path":"/api/dashboard/stats","query":{},"status":304},"timestamp":"2025-10-30T17:56:45.053Z"}
{"level":"info","message":{"duration":"23ms","method":"GET","params":{},"path":"/api/bookings","query":{},"status":304},"timestamp":"2025-10-30T17:56:45.086Z"}
{"level":"info","message":{"duration":"123ms","method":"GET","params":{},"path":"/api/dashboard/stats","query":{},"status":401},"timestamp":"2025-10-30T19:27:38.155Z"}
{"level":"info","message":{"duration":"9ms","method":"GET","params":{},"path":"/api/cars","query":{},"status":401},"timestamp":"2025-10-30T19:27:38.190Z"}
{"level":"info","message":{"duration":"7ms","method":"GET","params":{},"path":"/api/dashboard/stats","query":{},"status":401},"timestamp":"2025-10-30T19:27:38.213Z"}
{"level":"info","message":{"duration":"7ms","method":"GET","params":{},"path":"/api/cars","query":{},"status":401},"timestamp":"2025-10-30T19:27:38.238Z"}
{"level":"info","message":{"duration":"2ms","method":"GET","params":{},"path":"/api/bookings","query":{},"status":401},"timestamp":"2025-10-30T19:27:38.255Z"}
{"level":"info","message":{"duration":"4ms","method":"GET","params":{},"path":"/api/cars","query":{},"status":401},"timestamp":"2025-10-30T19:27:38.262Z"}
{"level":"info","message":{"duration":"3ms","method":"GET","params":{},"path":"/api/cars","query":{},"status":401},"timestamp":"2025-10-30T19:27:38.276Z"}
{"level":"info","message":{"duration":"14ms","method":"GET","params":{},"path":"/api/bookings","query":{},"status":401},"timestamp":"2025-10-30T19:27:38.303Z"}
{"level":"info","message":{"body":{"password":"BLESSY","username":"AJovanna"},"duration":"277ms","method":"POST","params":{},"path":"/api/auth/login","query":{},"status":401},"timestamp":"2025-10-30T19:28:05.206Z"}
{"level":"info","message":{"body":{"password":"blessy","username":"AJovanna"},"duration":"162ms","method":"POST","params":{},"path":"/api/auth/login","query":{},"status":200},"timestamp":"2025-10-30T19:28:14.339Z"}
{"level":"info","message":{"duration":"66ms","method":"GET","params":{},"path":"/api/cars","query":{},"status":304},"timestamp":"2025-10-30T19:28:14.456Z"}
{"level":"info","message":{"duration":"10ms","method":"GET","params":{},"path":"/api/cars","query":{},"status":304},"timestamp":"2025-10-30T19:28:14.507Z"}
{"level":"info","message":{"duration":"257ms","method":"GET","params":{},"path":"/api/dashboard/stats","query":{},"status":304},"timestamp":"2025-10-30T19:28:14.655Z"}
{"level":"info","message":{"duration":"130ms","method":"GET","params":{},"path":"/api/bookings","query":{},"status":304},"timestamp":"2025-10-30T19:28:14.686Z"}
{"level":"info","message":{"duration":"69ms","method":"GET","params":{},"path":"/api/cars","query":{},"status":304},"timestamp":"2025-10-30T20:17:35.127Z"}
{"level":"info","message":{"duration":"212ms","method":"GET","params":{},"path":"/api/cars","query":{},"status":304},"timestamp":"2025-10-30T20:17:35.366Z"}
{"level":"info","message":{"duration":"420ms","method":"GET","params":{},"path":"/api/dashboard/stats","query":{},"status":304},"timestamp":"2025-10-30T20:17:35.387Z"}
{"level":"info","message":{"duration":"77ms","method":"GET","params":{},"path":"/api/bookings","query":{},"status":304},"timestamp":"2025-10-30T20:17:35.470Z"}
{"level":"info","message":{"body":{"password":"blessy","username":"AJovanna"},"duration":"194ms","method":"POST","params":{},"path":"/api/auth/login","query":{},"status":200},"timestamp":"2025-10-30T20:25:00.662Z"}
{"level":"info","message":{"duration":"177ms","method":"GET","params":{},"path":"/api/cars","query":{},"status":304},"timestamp":"2025-10-30T20:25:01.185Z"}
{"level":"info","message":{"duration":"405ms","method":"GET","params":{},"path":"/api/dashboard/stats","query":{},"status":304},"timestamp":"2025-10-30T20:25:01.283Z"}
{"level":"info","message":{"duration":"81ms","method":"GET","params":{},"path":"/api/cars","query":{},"status":304},"timestamp":"2025-10-30T20:25:01.329Z"}
{"level":"info","message":{"duration":"34ms","method":"GET","params":{},"path":"/api/bookings","query":{},"status":304},"timestamp":"2025-10-30T20:25:01.373Z"}
{"level":"info","message":{"duration":"228ms","method":"DELETE","params":{"id":"6903a645a33c71ce2c6987d1"},"path":"/api/cars/6903a645a33c71ce2c6987d1","query":{},"status":400},"timestamp":"2025-10-30T20:32:15.956Z"}
{"level":"info","message":{"duration":"35ms","method":"GET","params":{},"path":"/api/cars","query":{},"status":304},"timestamp":"2025-10-30T20:32:16.012Z"}
{"level":"info","message":{"duration":"40ms","method":"GET","params":{},"path":"/api/dashboard/stats","query":{},"status":304},"timestamp":"2025-10-30T20:32:16.025Z"}
{"level":"info","message":{"duration":"15ms","method":"DELETE","params":{"id":"6903a645a33c71ce2c6987d1"},"path":"/api/cars/6903a645a33c71ce2c6987d1","query":{},"status":400},"timestamp":"2025-10-30T20:32:23.492Z"}
{"level":"info","message":{"duration":"20ms","method":"GET","params":{},"path":"/api/cars","query":{},"status":304},"timestamp":"2025-10-30T20:32:23.530Z"}
{"level":"info","message":{"duration":"45ms","method":"GET","params":{},"path":"/api/dashboard/stats","query":{},"status":304},"timestamp":"2025-10-30T20:32:23.565Z"}
{"level":"info","message":{"duration":"12ms","method":"GET","params":{},"path":"/api/cars","query":{},"status":304},"timestamp":"2025-10-30T20:32:29.112Z"}
{"level":"info","message":{"duration":"15ms","method":"GET","params":{},"path":"/api/cars","query":{},"status":304},"timestamp":"2025-10-30T20:32:29.139Z"}
{"level":"info","message":{"duration":"50ms","method":"GET","params":{},"path":"/api/dashboard/stats","query":{},"status":304},"timestamp":"2025-10-30T20:32:29.143Z"}
{"level":"info","message":{"duration":"53ms","method":"GET","params":{},"path":"/api/bookings","query":{},"status":304},"timestamp":"2025-10-30T20:32:29.199Z"}
{"level":"info","message":{"duration":"15ms","method":"DELETE","params":{"id":"6903a645a33c71ce2c6987d1"},"path":"/api/cars/6903a645a33c71ce2c6987d1","query":{},"status":400},"timestamp":"2025-10-30T20:32:35.528Z"}
{"level":"info","message":{"duration":"23ms","method":"GET","params":{},"path":"/api/cars","query":{},"status":304},"timestamp":"2025-10-30T20:32:35.575Z"}
{"level":"info","message":{"duration":"56ms","method":"GET","params":{},"path":"/api/dashboard/stats","query":{},"status":304},"timestamp":"2025-10-30T20:32:35.614Z"}
{"level":"info","message":{"duration":"12ms","method":"GET","params":{},"path":"/api/cars","query":{},"status":304},"timestamp":"2025-10-30T20:32:38.927Z"}
{"level":"info","message":{"duration":"10ms","method":"GET","params":{},"path":"/api/cars","query":{},"status":304},"timestamp":"2025-10-30T20:32:38.942Z"}
{"level":"info","message":{"duration":"37ms","method":"GET","params":{},"path":"/api/dashboard/stats","query":{},"status":304},"timestamp":"2025-10-30T20:32:38.949Z"}
{"level":"info","message":{"duration":"19ms","method":"GET","params":{},"path":"/api/bookings","query":{},"status":304},"timestamp":"2025-10-30T20:32:38.976Z"}
{"level":"info","message":{"duration":"8ms","method":"DELETE","params":{"id":"6903a645a33c71ce2c6987d1"},"path":"/api/cars/6903a645a33c71ce2c6987d1","query":{},"status":400},"timestamp":"2025-10-30T20:32:45.132Z"}
{"level":"info","message":{"duration":"12ms","method":"GET","params":{},"path":"/api/cars","query":{},"status":304},"timestamp":"2025-10-30T20:32:45.162Z"}
{"level":"info","message":{"duration":"39ms","method":"GET","params":{},"path":"/api/dashboard/stats","query":{},"status":304},"timestamp":"2025-10-30T20:32:45.203Z"}
{"level":"info","message":{"duration":"13ms","method":"GET","params":{},"path":"/api/cars","query":{},"status":304},"timestamp":"2025-10-30T20:32:58.507Z"}
{"level":"info","message":{"duration":"37ms","method":"GET","params":{},"path":"/api/dashboard/stats","query":{},"status":304},"timestamp":"2025-10-30T20:32:58.519Z"}
{"level":"info","message":{"duration":"8ms","method":"GET","params":{},"path":"/api/cars","query":{},"status":304},"timestamp":"2025-10-30T20:32:58.532Z"}
{"level":"info","message":{"duration":"12ms","method":"GET","params":{},"path":"/api/bookings","query":{},"status":304},"timestamp":"2025-10-30T20:32:58.563Z"}
{"level":"info","message":{"duration":"10ms","method":"GET","params":{},"path":"/api/cars","query":{},"status":304},"timestamp":"2025-10-30T20:32:59.385Z"}
{"level":"info","message":{"duration":"23ms","method":"GET","params":{},"path":"/api/cars","query":{},"status":304},"timestamp":"2025-10-30T20:32:59.417Z"}
{"level":"info","message":{"duration":"78ms","method":"GET","params":{},"path":"/api/dashboard/stats","query":{},"status":304},"timestamp":"2025-10-30T20:32:59.449Z"}
{"level":"info","message":{"duration":"43ms","method":"GET","params":{},"path":"/api/bookings","query":{},"status":304},"timestamp":"2025-10-30T20:32:59.503Z"}
{"level":"info","message":{"duration":"11ms","method":"DELETE","params":{"id":"6903a645a33c71ce2c6987d1"},"path":"/api/cars/6903a645a33c71ce2c6987d1","query":{},"status":400},"timestamp":"2025-10-30T20:33:22.132Z"}
{"level":"info","message":{"duration":"14ms","method":"GET","params":{},"path":"/api/cars","query":{},"status":304},"timestamp":"2025-10-30T20:33:22.165Z"}
{"level":"info","message":{"duration":"48ms","method":"GET","params":{},"path":"/api/dashboard/stats","query":{},"status":304},"timestamp":"2025-10-30T20:33:22.206Z"}
{"level":"info","message":{"duration":"15ms","method":"GET","params":{"id":"6903a645a33c71ce2c6987d1"},"path":"/api/cars/6903a645a33c71ce2c6987d1","query":{},"status":200},"timestamp":"2025-10-30T20:33:25.656Z"}
{"level":"info","message":{"body":{"brand":"Rolls royc","model":"Rolls royce","pricePerDay":"50000","registrationNo":"TN07Z1249","status":"rented"},"duration":"68ms","method":"PUT","params":{"id":"6903a645a33c71ce2c6987d1"},"path":"/api/cars/6903a645a33c71ce2c6987d1","query":{},"status":200},"timestamp":"2025-10-30T20:33:31.630Z"}
{"level":"info","message":{"duration":"16ms","method":"GET","params":{},"path":"/api/cars","query":{},"status":200},"timestamp":"2025-10-30T20:33:31.657Z"}
{"level":"info","message":{"duration":"40ms","method":"GET","params":{},"path":"/api/dashboard/stats","query":{},"status":304},"timestamp":"2025-10-30T20:33:31.685Z"}
{"level":"info","message":{"duration":"8ms","method":"GET","params":{"id":"6903a645a33c71ce2c6987d1"},"path":"/api/cars/6903a645a33c71ce2c6987d1","query":{},"status":200},"timestamp":"2025-10-30T20:33:34.147Z"}
{"level":"info","message":{"duration":"32ms","method":"DELETE","params":{"id":"6903a6a0a33c71ce2c6987d9"},"path":"/api/bookings/6903a6a0a33c71ce2c6987d9","query":{},"status":200},"timestamp":"2025-10-30T20:33:46.459Z"}
{"level":"info","message":{"duration":"12ms","method":"GET","params":{},"path":"/api/cars","query":{},"status":200},"timestamp":"2025-10-30T20:33:46.483Z"}
{"level":"info","message":{"duration":"49ms","method":"GET","params":{},"path":"/api/dashboard/stats","query":{},"status":200},"timestamp":"2025-10-30T20:33:46.535Z"}
{"level":"info","message":{"duration":"28ms","method":"GET","params":{},"path":"/api/bookings","query":{},"status":200},"timestamp":"2025-10-30T20:33:46.544Z"}
{"level":"info","message":{"duration":"16ms","method":"DELETE","params":{"id":"6903a645a33c71ce2c6987d1"},"path":"/api/cars/6903a645a33c71ce2c6987d1","query":{},"status":200},"timestamp":"2025-10-30T20:33:55.386Z"}
{"level":"info","message":{"duration":"17ms","method":"GET","params":{},"path":"/api/cars","query":{},"status":200},"timestamp":"2025-10-30T20:33:55.419Z"}
{"level":"info","message":{"duration":"46ms","method":"GET","params":{},"path":"/api/dashboard/stats","query":{},"status":200},"timestamp":"2025-10-30T20:33:55.455Z"}
{"level":"info","message":{"duration":"8ms","method":"GET","params":{},"path":"/api/cars","query":{},"status":304},"timestamp":"2025-10-30T20:35:53.296Z"}
{"level":"info","message":{"body":{"password":"blessy"},"duration":"161ms","method":"PUT","params":{},"path":"/api/auth/settings","query":{},"status":200},"timestamp":"2025-10-30T20:38:18.080Z"}
